{"/Users/gloriavillagranrojas/Proyecto 2/DEV004-card-validation/src/js/validator.js": {"path":"/Users/gloriavillagranrojas/Proyecto 2/DEV004-card-validation/src/js/validator.js","statementMap":{"0":{"start":{"line":5,"column":18},"end":{"line":45,"column":1}},"1":{"start":{"line":8,"column":18},"end":{"line":8,"column":56}},"2":{"start":{"line":10,"column":21},"end":{"line":10,"column":36}},"3":{"start":{"line":13,"column":14},"end":{"line":13,"column":15}},"4":{"start":{"line":14,"column":4},"end":{"line":30,"column":5}},"5":{"start":{"line":14,"column":17},"end":{"line":14,"column":18}},"6":{"start":{"line":15,"column":18},"end":{"line":15,"column":23}},"7":{"start":{"line":17,"column":6},"end":{"line":20,"column":7}},"8":{"start":{"line":18,"column":8},"end":{"line":18,"column":38}},"9":{"start":{"line":21,"column":6},"end":{"line":27,"column":7}},"10":{"start":{"line":23,"column":20},"end":{"line":23,"column":64}},"11":{"start":{"line":25,"column":8},"end":{"line":25,"column":38}},"12":{"start":{"line":28,"column":6},"end":{"line":28,"column":24}},"13":{"start":{"line":32,"column":4},"end":{"line":32,"column":26}},"14":{"start":{"line":36,"column":22},"end":{"line":36,"column":38}},"15":{"start":{"line":37,"column":22},"end":{"line":37,"column":38}},"16":{"start":{"line":38,"column":4},"end":{"line":40,"column":5}},"17":{"start":{"line":38,"column":17},"end":{"line":38,"column":18}},"18":{"start":{"line":39,"column":6},"end":{"line":39,"column":59}},"19":{"start":{"line":41,"column":19},"end":{"line":41,"column":37}},"20":{"start":{"line":42,"column":19},"end":{"line":42,"column":50}},"21":{"start":{"line":43,"column":4},"end":{"line":43,"column":17}}},"fnMap":{"0":{"name":"(anonymous_0)","decl":{"start":{"line":7,"column":11},"end":{"line":7,"column":12}},"loc":{"start":{"line":7,"column":33},"end":{"line":34,"column":3}},"line":7},"1":{"name":"(anonymous_1)","decl":{"start":{"line":35,"column":11},"end":{"line":35,"column":12}},"loc":{"start":{"line":35,"column":23},"end":{"line":44,"column":3}},"line":35}},"branchMap":{"0":{"loc":{"start":{"line":17,"column":6},"end":{"line":20,"column":7}},"type":"if","locations":[{"start":{"line":17,"column":6},"end":{"line":20,"column":7}},{"start":{},"end":{}}],"line":17},"1":{"loc":{"start":{"line":21,"column":6},"end":{"line":27,"column":7}},"type":"if","locations":[{"start":{"line":21,"column":6},"end":{"line":27,"column":7}},{"start":{},"end":{}}],"line":21}},"s":{"0":1,"1":3,"2":3,"3":3,"4":3,"5":3,"6":34,"7":34,"8":16,"9":34,"10":8,"11":8,"12":34,"13":3,"14":3,"15":3,"16":3,"17":3,"18":27,"19":3,"20":3,"21":3},"f":{"0":3,"1":3},"b":{"0":[16,18],"1":[8,26]},"_coverageSchema":"1a1c01bbd47fc00a2c39e90264f33305004495a9","hash":"a4415ca7513caa337262b7304938415ee7469a57"}
}
